

Processing TeamsController#index (for 127.0.0.1 at 2010-02-24 18:40:34) [GET]
Rendering teams/index
Completed in 60ms (View: 58, DB: 0) | 200 OK [http://localhost/teams/index]


Processing TeamsController#index_files to jpg (for 127.0.0.1 at 2010-02-24 18:40:35) [GET]
  Parameters: {"id"=>"image293"}

ActionController::UnknownAction (No action responded to index_files. Actions: index):
  c:/Ruby/lib/ruby/1.8/webrick/httpserver.rb:104:in `service'
  c:/Ruby/lib/ruby/1.8/webrick/httpserver.rb:65:in `run'
  c:/Ruby/lib/ruby/1.8/webrick/server.rb:173:in `start_thread'
  c:/Ruby/lib/ruby/1.8/webrick/server.rb:162:in `start'
  c:/Ruby/lib/ruby/1.8/webrick/server.rb:162:in `start_thread'
  c:/Ruby/lib/ruby/1.8/webrick/server.rb:95:in `start'
  c:/Ruby/lib/ruby/1.8/webrick/server.rb:92:in `each'
  c:/Ruby/lib/ruby/1.8/webrick/server.rb:92:in `start'
  c:/Ruby/lib/ruby/1.8/webrick/server.rb:23:in `start'
  c:/Ruby/lib/ruby/1.8/webrick/server.rb:82:in `start'

Rendering rescues/layout (not_found)


Processing TeamsController#index_files to jpg (for 127.0.0.1 at 2010-02-24 18:40:35) [GET]
  Parameters: {"id"=>"image2951"}

ActionController::UnknownAction (No action responded to index_files. Actions: index):
  c:/Ruby/lib/ruby/1.8/webrick/httpserver.rb:104:in `service'
  c:/Ruby/lib/ruby/1.8/webrick/httpserver.rb:65:in `run'
  c:/Ruby/lib/ruby/1.8/webrick/server.rb:173:in `start_thread'
  c:/Ruby/lib/ruby/1.8/webrick/server.rb:162:in `start'
  c:/Ruby/lib/ruby/1.8/webrick/server.rb:162:in `start_thread'
  c:/Ruby/lib/ruby/1.8/webrick/server.rb:95:in `start'
  c:/Ruby/lib/ruby/1.8/webrick/server.rb:92:in `each'
  c:/Ruby/lib/ruby/1.8/webrick/server.rb:92:in `start'
  c:/Ruby/lib/ruby/1.8/webrick/server.rb:23:in `start'
  c:/Ruby/lib/ruby/1.8/webrick/server.rb:82:in `start'

Rendering rescues/layout (not_found)
